
> wedding-invitation@0.1.0 build
> next build

▲ Next.js 16.1.1 (Turbopack)
- Environments: .env.local
- Experiments (use with caution):
  · optimizePackageImports
  · serverActions

  Creating an optimized production build ...
✓ Compiled successfully in 3.3s
  Running TypeScript ...
Failed to compile.

./src/components/builder/sections/DateTimeSection.tsx:158:69
Type error: Type '{ children: Element; align: "center"; justify: string; }' is not assignable to type 'IntrinsicAttributes & RowProps'.
  Property 'justify' does not exist on type 'IntrinsicAttributes & RowProps'.

[0m [90m 156 |[39m                                                 [33m/[39m[33m>[39m
 [90m 157 |[39m
[31m[1m>[22m[39m[90m 158 |[39m                                                 [33m<[39m[33mRow[39m align[33m=[39m[32m"center"[39m justify[33m=[39m[32m"center"[39m[33m>[39m
 [90m     |[39m                                                                     [31m[1m^[22m[39m
 [90m 159 |[39m                                                     [33m<[39m[33mdiv[39m className[33m=[39m{commonStyles[33m.[39mplaceholderIndicator}[33m>[39m
 [90m 160 |[39m                                                         [33mD[39m[33m-[39m[33mDAY[39m 카운트 표시 위치
 [90m 161 |[39m                                                     [33m<[39m[33m/[39m[33mdiv[39m[33m>[39m[0m
Next.js build worker exited with code: 1 and signal: null
