
> banana-wedding@0.1.0 build
> next build --webpack

▲ Next.js 16.1.1 (webpack)
- Environments: .env.local
- Experiments (use with caution):
  · optimizePackageImports
  · serverActions
  ✓ viewTransition

  Creating an optimized production build ...
> [PWA] Compile server
> [PWA] Compile server
> [PWA] Compile client (static)
> [PWA] Auto register service worker with: C:\Users\johr9\Documents\git\wedding-invitation\node_modules\next-pwa\register.js
> [PWA] Service worker: C:\Users\johr9\Documents\git\wedding-invitation\public\sw.js
> [PWA]   url: /sw.js
> [PWA]   scope: /
✓ Compiled successfully in 6.3s
  Running TypeScript ...
  Collecting page data using 11 workers ...
  Generating static pages using 11 workers (0/56) ...
  Generating static pages using 11 workers (14/56) 
  Generating static pages using 11 workers (28/56) 
  Generating static pages using 11 workers (42/56) 
✓ Generating static pages using 11 workers (56/56) in 338.7ms
  Finalizing page optimization ...
  Collecting build traces ...

Route (app)
┌ ƒ /
├ ƒ /_not-found
├ ƒ /api/admin/invitations
├ ƒ /api/admin/invitations/[id]
├ ƒ /api/approval-requests
├ ƒ /api/auth/[...nextauth]
├ ƒ /api/auth/naver
├ ƒ /api/auth/naver/callback
├ ƒ /api/guests
├ ƒ /api/invitations
├ ƒ /api/profiles
├ ƒ /api/supabase/token
├ ○ /apple-icon.png
├ ƒ /builder
├ ƒ /builder/setup
├ ƒ /design-system
├ ƒ /design-system/atoms/badges
├ ƒ /design-system/atoms/buttons
├ ƒ /design-system/atoms/buttons/icon-buttons
├ ƒ /design-system/atoms/calendar
├ ƒ /design-system/atoms/chips
├ ƒ /design-system/atoms/inputs
├ ƒ /design-system/atoms/label
├ ƒ /design-system/atoms/scroll-area
├ ƒ /design-system/atoms/select
├ ƒ /design-system/atoms/skeleton
├ ƒ /design-system/atoms/switch
├ ƒ /design-system/atoms/toggles
├ ƒ /design-system/foundation/colors
├ ƒ /design-system/foundation/radius
├ ƒ /design-system/foundation/spacing
├ ƒ /design-system/foundation/typography
├ ƒ /design-system/molecules/accordions
├ ƒ /design-system/molecules/bottom-cta
├ ƒ /design-system/molecules/feedback
├ ƒ /design-system/molecules/feedback/alerts
├ ƒ /design-system/molecules/feedback/toasts
├ ƒ /design-system/molecules/form-field
├ ƒ /design-system/molecules/navigation
├ ƒ /design-system/molecules/pickers/color-picker
├ ƒ /design-system/molecules/pickers/date-picker
├ ƒ /design-system/molecules/radio-group
├ ƒ /design-system/molecules/switch-field
├ ƒ /design-system/organisms/cards
├ ƒ /design-system/organisms/editor
├ ƒ /design-system/organisms/menu
├ ƒ /design-system/organisms/overlays
├ ƒ /design-system/organisms/overlays/drawers
├ ƒ /design-system/organisms/overlays/modals
├ ○ /icon.png
├ ƒ /login
├ ○ /manifest.webmanifest
├ ƒ /mypage
├ ƒ /mypage/account
├ ƒ /mypage/notifications
├ ƒ /mypage/requests
├ ƒ /preview
├ ƒ /privacy
├ ○ /robots.txt
├ ○ /sitemap.xml
└ ƒ /v/[slug]


○  (Static)   prerendered as static content
ƒ  (Dynamic)  server-rendered on demand

