
> wedding-invitation@0.1.0 build
> next build

▲ Next.js 16.1.1 (Turbopack)
- Environments: .env.local
- Experiments (use with caution):
  · optimizePackageImports
  · serverActions

  Creating an optimized production build ...
✓ Compiled successfully in 3.2s
  Running TypeScript ...
  Collecting page data using 11 workers ...
  Generating static pages using 11 workers (0/11) ...
  Generating static pages using 11 workers (2/11) 
  Generating static pages using 11 workers (5/11) 
  Generating static pages using 11 workers (8/11) 
✓ Generating static pages using 11 workers (11/11) in 275.5ms
  Finalizing page optimization ...

Route (app)
┌ ○ /
├ ○ /_not-found
├ ○ /builder
├ ○ /icon.png
├ ○ /mypage
├ ○ /preview
├ ○ /privacy
├ ○ /robots.txt
├ ○ /sitemap.xml
└ ƒ /v/[slug]


○  (Static)   prerendered as static content
ƒ  (Dynamic)  server-rendered on demand

