
> banana-wedding@0.1.0 build
> next build

▲ Next.js 16.1.1 (Turbopack)
- Environments: .env.local
- Experiments (use with caution):
  · clientTraceMetadata
  · serverActions

  Creating an optimized production build ...
✓ Compiled successfully in 4.6s
  Running next.config.js provided runAfterProductionCompile ...
✓ Completed runAfterProductionCompile in 183ms
  Running TypeScript ...
Failed to compile.

./src/components/builder/DatePicker.tsx:90:26
Type error: Type '{ mode: "single"; selected: Date | undefined; onSelect: any; className: string | undefined; }' is not assignable to type 'IntrinsicAttributes & (DayPickerProps & { buttonVariant?: "default" | "line" | "link" | "destructive" | "outline" | "secondary" | "ghost" | "solid" | undefined; })' with 'exactOptionalPropertyTypes: true'. Consider adding 'undefined' to the types of the target's properties.
  Type '{ mode: "single"; selected: Date | undefined; onSelect: any; className: string | undefined; }' is not assignable to type '(IntrinsicAttributes & PropsBase & PropsSingle & { buttonVariant?: "default" | "line" | "link" | "destructive" | "outline" | "secondary" | "ghost" | "solid" | undefined; }) | (IntrinsicAttributes & ... 2 more ... & { ...; })' with 'exactOptionalPropertyTypes: true'. Consider adding 'undefined' to the types of the target's properties.
    Type '{ mode: "single"; selected: Date | undefined; onSelect: any; className: string | undefined; }' is not assignable to type 'PropsBase' with 'exactOptionalPropertyTypes: true'. Consider adding 'undefined' to the types of the target's properties.
      Types of property 'className' are incompatible.
        Type 'string | undefined' is not assignable to type 'string'.
          Type 'undefined' is not assignable to type 'string'.

[0m [90m 88 |[39m                     [33m<[39m[33m/[39m[33mDrawerHeader[39m[33m>[39m
 [90m 89 |[39m                     [33m<[39m[33mDrawerScrollArea[39m className[33m=[39m{styles[33m.[39mcalendarWrapper}[33m>[39m
[31m[1m>[22m[39m[90m 90 |[39m                         [33m<[39m[33mCalendar[39m
 [90m    |[39m                          [31m[1m^[22m[39m
 [90m 91 |[39m                             mode[33m=[39m[32m"single"[39m
 [90m 92 |[39m                             selected[33m=[39m{dateValue}
 [90m 93 |[39m                             [90m/* eslint-disable-next-line @typescript-eslint/no-explicit-any */[39m[0m
Next.js build worker exited with code: 1 and signal: null
