
> banana-wedding@0.1.0 build
> next build --webpack

▲ Next.js 16.1.1 (webpack)
- Environments: .env.local
- Experiments (use with caution):
  · optimizePackageImports
  · serverActions
  ✓ viewTransition

  Creating an optimized production build ...
> [PWA] Compile server
> [PWA] Compile server
> [PWA] Compile client (static)
> [PWA] Auto register service worker with: C:\Users\johr9\Documents\git\wedding-invitation\node_modules\next-pwa\register.js
> [PWA] Service worker: C:\Users\johr9\Documents\git\wedding-invitation\public\sw.js
> [PWA]   url: /sw.js
> [PWA]   scope: /
✓ Compiled successfully in 6.2s
  Running TypeScript ...
Failed to compile.

./src/components/common/FormField/FormField.tsx:60:22
Type error: Type '{ children: string | number | bigint | true | ReactElement<unknown, string | JSXElementConstructor<any>> | Iterable<ReactNode> | ReactPortal | Promise<...>; required: boolean | undefined; }' is not assignable to type 'FieldLabelProps' with 'exactOptionalPropertyTypes: true'. Consider adding 'undefined' to the types of the target's properties.
  Types of property 'required' are incompatible.
    Type 'boolean | undefined' is not assignable to type 'boolean'.
      Type 'undefined' is not assignable to type 'boolean'.

[0m [90m 58 |[39m             {label [33m?[39m (
 [90m 59 |[39m                 [33m<[39m[33mFieldHeader[39m[33m>[39m
[31m[1m>[22m[39m[90m 60 |[39m                     [33m<[39m[33mFieldLabel[39m required[33m=[39m{required}[33m>[39m
 [90m    |[39m                      [31m[1m^[22m[39m
 [90m 61 |[39m                         {label}
 [90m 62 |[39m                     [33m<[39m[33m/[39m[33mFieldLabel[39m[33m>[39m
 [90m 63 |[39m                     {action}[0m
Next.js build worker exited with code: 1 and signal: null
