
> banana-wedding@0.1.0 build
> next build --webpack

▲ Next.js 16.1.1 (webpack)
- Environments: .env.local
- Experiments (use with caution):
  · optimizePackageImports
  · serverActions
  ✓ viewTransition

  Creating an optimized production build ...
> [PWA] Compile server
> [PWA] Compile server
> [PWA] Compile client (static)
> [PWA] Auto register service worker with: C:\Users\johr9\Documents\git\wedding-invitation\node_modules\next-pwa\register.js
> [PWA] Service worker: C:\Users\johr9\Documents\git\wedding-invitation\public\sw.js
> [PWA]   url: /sw.js
> [PWA]   scope: /
✓ Compiled successfully in 6.4s
  Running TypeScript ...
Failed to compile.

./src/components/common/ResponsiveModal/ResponsiveModal.tsx:205:30
Type error: Type '{ children: string | number | bigint | true | ReactElement<unknown, string | JSXElementConstructor<any>> | Iterable<ReactNode> | ReactPortal | Promise<...>; ... 4 more ...; padding: "none" | "default"; }' is not assignable to type 'Omit<ScrollAreaProps & RefAttributes<HTMLDivElement>, "ref">' with 'exactOptionalPropertyTypes: true'. Consider adding 'undefined' to the types of the target's properties.
  Types of property 'onScroll' are incompatible.
    Type '((e: UIEvent<HTMLDivElement, UIEvent>) => void) | undefined' is not assignable to type '(event: UIEvent<HTMLDivElement, UIEvent>) => void'.
      Type 'undefined' is not assignable to type '(event: UIEvent<HTMLDivElement, UIEvent>) => void'.

[0m [90m 203 |[39m
 [90m 204 |[39m                         {children [33m&&[39m (
[31m[1m>[22m[39m[90m 205 |[39m                             [33m<[39m[33mDrawerScrollArea[39m
 [90m     |[39m                              [31m[1m^[22m[39m
 [90m 206 |[39m                                 className[33m=[39m{cn(
 [90m 207 |[39m                                     padding [33m!==[39m [32m"none"[39m [33m&&[39m styles[33m.[39mdefaultDrawerPadding[33m,[39m
 [90m 208 |[39m                                     contentClassName[0m
Next.js build worker exited with code: 1 and signal: null
