
> wedding-invitation@0.1.0 build
> next build

▲ Next.js 16.1.1 (Turbopack)
- Environments: .env.local
- Experiments (use with caution):
  · optimizePackageImports
  · serverActions

  Creating an optimized production build ...
✓ Compiled successfully in 3.1s
  Running TypeScript ...
Failed to compile.

./src/components/preview/sections/LocationView.tsx:47:13
Type error: Property 'loading' does not exist on type '[loading: boolean, error: ErrorEvent | undefined]'.

[0m [90m 45 |[39m     lockMap [33m=[39m [36mtrue[39m
 [90m 46 |[39m }[33m:[39m [33mLocationViewProps[39m) [33m=>[39m {
[31m[1m>[22m[39m[90m 47 |[39m     [36mconst[39m { loading[33m,[39m error } [33m=[39m useKakaoLoader({
 [90m    |[39m             [31m[1m^[22m[39m
 [90m 48 |[39m         appkey[33m:[39m process[33m.[39menv[33m.[39m[33mNEXT_PUBLIC_KAKAO_APP_KEY[39m [33m||[39m [32m''[39m[33m,[39m
 [90m 49 |[39m         libraries[33m:[39m [[32m'services'[39m[33m,[39m [32m'clusterer'[39m][33m,[39m
 [90m 50 |[39m     })[33m;[39m[0m
Next.js build worker exited with code: 1 and signal: null
