
> banana-wedding@0.1.0 build
> next build --webpack

▲ Next.js 16.1.1 (webpack)
- Environments: .env.local
- Experiments (use with caution):
  · optimizePackageImports
  · serverActions
  ✓ viewTransition

  Creating an optimized production build ...
> [PWA] Compile server
> [PWA] Compile server
> [PWA] Compile client (static)
> [PWA] Auto register service worker with: C:\Users\johr9\Documents\git\wedding-invitation\node_modules\next-pwa\register.js
> [PWA] Service worker: C:\Users\johr9\Documents\git\wedding-invitation\public\sw.js
> [PWA]   url: /sw.js
> [PWA]   scope: /
✓ Compiled successfully in 6.4s
  Running TypeScript ...
Failed to compile.

./src/app/mypage/account/AccountPageClient.tsx:103:30
Type error: Type '{ children: Element; className: string | undefined; }' is not assignable to type 'FormFieldProps' with 'exactOptionalPropertyTypes: true'. Consider adding 'undefined' to the types of the target's properties.
  Types of property 'className' are incompatible.
    Type 'string | undefined' is not assignable to type 'string'.
      Type 'undefined' is not assignable to type 'string'.

[0m [90m 101 |[39m                     {isEditingPhone [33m?[39m (
 [90m 102 |[39m                         [33m<[39m[33mdiv[39m className[33m=[39m{styles[33m.[39meditWrapper}[33m>[39m
[31m[1m>[22m[39m[90m 103 |[39m                             [33m<[39m[33mFormField[39m className[33m=[39m{styles[33m.[39mphoneInput}[33m>[39m
 [90m     |[39m                              [31m[1m^[22m[39m
 [90m 104 |[39m                                 [33m<[39m[33mInput[39m
 [90m 105 |[39m                                     value[33m=[39m{formData[33m.[39mphone [33m||[39m [32m''[39m}
 [90m 106 |[39m                                     onChange[33m=[39m{(e[33m:[39m [33mReact[39m[33m.[39m[33mChangeEvent[39m[33m<[39m[33mHTMLInputElement[39m[33m>[39m) [33m=>[39m[0m
Next.js build worker exited with code: 1 and signal: null
