
> banana-wedding@0.1.0 build
> next build --webpack

▲ Next.js 16.1.1 (webpack)
- Environments: .env.local
- Experiments (use with caution):
  · optimizePackageImports
  · serverActions
  ✓ viewTransition

  Creating an optimized production build ...
> [PWA] Compile server
> [PWA] Compile server
> [PWA] Compile client (static)
> [PWA] Auto register service worker with: C:\Users\johr9\Documents\git\wedding-invitation\node_modules\next-pwa\register.js
> [PWA] Service worker: C:\Users\johr9\Documents\git\wedding-invitation\public\sw.js
> [PWA]   url: /sw.js
> [PWA]   scope: /
✓ Compiled successfully in 6.2s
  Running TypeScript ...
Failed to compile.

./src/components/common/ResponsiveModal/ResponsiveModal.tsx:123:26
Type error: Type '{ children: Element; className: string; useScrollFade: boolean; onScroll: (e: UIEvent<HTMLDivElement, UIEvent>) => void; viewportRef: Ref<...> | undefined; }' is not assignable to type 'ScrollAreaProps' with 'exactOptionalPropertyTypes: true'. Consider adding 'undefined' to the types of the target's properties.
  Types of property 'viewportRef' are incompatible.
    Type 'Ref<HTMLDivElement> | undefined' is not assignable to type 'Ref<HTMLDivElement>'.
      Type 'undefined' is not assignable to type 'Ref<HTMLDivElement>'.

[0m [90m 121 |[39m                         [33m<[39m[33m/[39m[33mDialogHeader[39m[33m>[39m
 [90m 122 |[39m
[31m[1m>[22m[39m[90m 123 |[39m                         [33m<[39m[33mScrollArea[39m
 [90m     |[39m                          [31m[1m^[22m[39m
 [90m 124 |[39m                             className[33m=[39m{cn(styles[33m.[39mcontentWrapper[33m,[39m contentClassName)}
 [90m 125 |[39m                             useScrollFade[33m=[39m{useScrollFade}
 [90m 126 |[39m                             onScroll[33m=[39m{handleInternalScroll}[0m
Next.js build worker exited with code: 1 and signal: null
