
> banana-wedding@0.1.0 build
> next build --webpack

â–² Next.js 16.1.1 (webpack)
- Environments: .env.local
- Experiments (use with caution):
  Â· optimizePackageImports
  Â· serverActions
  âœ“ viewTransition

  Creating an optimized production build ...
> [PWA] Compile server
> [PWA] Compile server
> [PWA] Compile client (static)
> [PWA] Auto register service worker with: C:\Users\johr9\Documents\git\wedding-invitation\node_modules\next-pwa\register.js
> [PWA] Service worker: C:\Users\johr9\Documents\git\wedding-invitation\public\sw.js
> [PWA]   url: /sw.js
> [PWA]   scope: /
âœ“ Compiled successfully in 7.1s
  Running TypeScript ...
Failed to compile.

./src/components/auth/ProfileCompletionModal/ProfileCompletionModal.tsx:101:26
Type error: Type '{ children: Element; className: string | undefined; }' is not assignable to type 'FormFieldProps' with 'exactOptionalPropertyTypes: true'. Consider adding 'undefined' to the types of the target's properties.
  Types of property 'className' are incompatible.
    Type 'string | undefined' is not assignable to type 'string'.
      Type 'undefined' is not assignable to type 'string'.

[0m [90m  99 |[39m                             [33m<[39m[33mUser[39m size[33m=[39m{[35m18[39m} [33m/[39m[33m>[39m
 [90m 100 |[39m                         [33m<[39m[33m/[39m[33mdiv[39m[33m>[39m
[31m[1m>[22m[39m[90m 101 |[39m                         [33m<[39m[33mFormField[39m className[33m=[39m{styles[33m.[39minputField}[33m>[39m
 [90m     |[39m                          [31m[1m^[22m[39m
 [90m 102 |[39m                             [33m<[39m[33mInput[39m
 [90m 103 |[39m                                 placeholder[33m=[39m[32m"ì´ë¦„ (ì‹¤ëª…)"[39m
 [90m 104 |[39m                                 value[33m=[39m{name}[0m
Next.js build worker exited with code: 1 and signal: null
