
> wedding-invitation@0.1.0 build
> next build

▲ Next.js 16.1.1 (Turbopack)
- Environments: .env.local
- Experiments (use with caution):
  · optimizePackageImports
  · serverActions

  Creating an optimized production build ...
✓ Compiled successfully in 3.3s
  Running TypeScript ...
Failed to compile.

./src/components/builder/sections/GreetingSection.tsx:112:25
Type error: Type '{ content: string; onChange: (message: string) => void; placeholder: string; }' is not assignable to type 'IntrinsicAttributes & RichTextEditorProps'.
  Property 'placeholder' does not exist on type 'IntrinsicAttributes & RichTextEditorProps'.

[0m [90m 110 |[39m                         content[33m=[39m{message}
 [90m 111 |[39m                         onChange[33m=[39m{setMessage}
[31m[1m>[22m[39m[90m 112 |[39m                         placeholder[33m=[39m[32m"축하해주시는 분들께 전할 소중한 메시지를 입력하세요."[39m
 [90m     |[39m                         [31m[1m^[22m[39m
 [90m 113 |[39m                     [33m/[39m[33m>[39m
 [90m 114 |[39m                 [33m<[39m[33m/[39m[33mBuilderField[39m[33m>[39m
 [90m 115 |[39m[0m
Next.js build worker exited with code: 1 and signal: null
