
> banana-wedding@0.1.0 build
> next build --webpack

▲ Next.js 16.1.1 (webpack)
- Environments: .env.local
- Experiments (use with caution):
  · optimizePackageImports
  · serverActions
  ✓ viewTransition

  Creating an optimized production build ...
> [PWA] Compile server
> [PWA] Compile server
> [PWA] Compile client (static)
> [PWA] Auto register service worker with: C:\Users\johr9\Documents\git\wedding-invitation\node_modules\next-pwa\register.js
> [PWA] Service worker: C:\Users\johr9\Documents\git\wedding-invitation\public\sw.js
> [PWA]   url: /sw.js
> [PWA]   scope: /
✓ Compiled successfully in 6.2s
  Running TypeScript ...
Failed to compile.

./src/components/common/TimePicker/TimePicker.tsx:97:22
Type error: Type '{ id: string | undefined; value: string; onValueChange: (val: string) => void; options: { label: string; value: string; }[]; placeholder: string; modalTitle: string; }' is not assignable to type 'SelectProps<string>' with 'exactOptionalPropertyTypes: true'. Consider adding 'undefined' to the types of the target's properties.
  Types of property 'id' are incompatible.
    Type 'string | undefined' is not assignable to type 'string'.
      Type 'undefined' is not assignable to type 'string'.

[0m [90m  95 |[39m                 {[90m/* Period + Hour Select */[39m}
 [90m  96 |[39m                 [33m<[39m[33mdiv[39m className[33m=[39m{styles[33m.[39mhourSection}[33m>[39m
[31m[1m>[22m[39m[90m  97 |[39m                     [33m<[39m[33mSelect[39m
 [90m     |[39m                      [31m[1m^[22m[39m
 [90m  98 |[39m                         id[33m=[39m{id}
 [90m  99 |[39m                         value[33m=[39m{[32m`${period}:${displayHour}`[39m}
 [90m 100 |[39m                         onValueChange[33m=[39m{handlePeriodHourChange}[0m
Next.js build worker exited with code: 1 and signal: null
