
> banana-wedding@0.1.0 build
> next build --webpack

▲ Next.js 16.1.1 (webpack)
- Environments: .env.local
- Experiments (use with caution):
  · optimizePackageImports
  · serverActions
  ✓ viewTransition

  Creating an optimized production build ...
> [PWA] Compile server
> [PWA] Compile server
> [PWA] Compile client (static)
> [PWA] Auto register service worker with: C:\Users\johr9\Documents\git\wedding-invitation\node_modules\next-pwa\register.js
> [PWA] Service worker: C:\Users\johr9\Documents\git\wedding-invitation\public\sw.js
> [PWA]   url: /sw.js
> [PWA]   scope: /
✓ Compiled successfully in 6.6s
  Running TypeScript ...
Failed to compile.

./src/components/ui/BottomCTA/BottomCTA.tsx:99:22
Type error: Type '{ id: string; checked: boolean; onCheckedChange: ((checked: boolean) => void) | undefined; }' is not assignable to type 'Omit<CheckboxProps & RefAttributes<HTMLButtonElement>, "ref">' with 'exactOptionalPropertyTypes: true'. Consider adding 'undefined' to the types of the target's properties.
  Types of property 'onCheckedChange' are incompatible.
    Type '((checked: boolean) => void) | undefined' is not assignable to type '(checked: CheckedState) => void'.
      Type 'undefined' is not assignable to type '(checked: CheckedState) => void'.

[0m [90m  97 |[39m             [33m<[39m[33mdiv[39m className[33m=[39m{styles[33m.[39mcheckFirst}[33m>[39m
 [90m  98 |[39m                 [33m<[39m[33mlabel[39m htmlFor[33m=[39m{checkboxId} className[33m=[39m{styles[33m.[39mcheckWrapper}[33m>[39m
[31m[1m>[22m[39m[90m  99 |[39m                     [33m<[39m[33mCheckbox[39m
 [90m     |[39m                      [31m[1m^[22m[39m
 [90m 100 |[39m                         id[33m=[39m{checkboxId}
 [90m 101 |[39m                         checked[33m=[39m{checked [33m?[39m[33m?[39m [36mfalse[39m}
 [90m 102 |[39m                         onCheckedChange[33m=[39m{onCheckedChange}[0m
Next.js build worker exited with code: 1 and signal: null
